<?xml version="1.0" encoding="UTF-8"?>
<testsuite xmlns:xsi="http://www.w3.org/2001/XMLSchema-instance" xsi:noNamespaceSchemaLocation="https://maven.apache.org/surefire/maven-surefire-plugin/xsd/surefire-test-report-3.0.xsd" version="3.0" name="com.soapwsapp.SpringSoapWsAppApplicationTests" time="7.763" tests="1" errors="0" skipped="0" failures="0">
  <properties>
[...]
</properties>
  <testcase name="contextLoads" classname="com.soapwsapp.SpringSoapWsAppApplicationTests" time="1.907">
    <system-out><![CDATA[15:32:24.342 [main] INFO org.springframework.test.context.support.AnnotationConfigContextLoaderUtils -- Could not detect default configuration classes for test class [com.soapwsapp.SpringSoapWsAppApplicationTests]: SpringSoapWsAppApplicationTests does not declare any static, non-private, non-final, nested classes annotated with @Configuration.
15:32:24.647 [main] INFO org.springframework.boot.test.context.SpringBootTestContextBootstrapper -- Found @SpringBootConfiguration com.soapwsapp.SpringSoapWsAppApplication for test class com.soapwsapp.SpringSoapWsAppApplicationTests
15:32:25.293 [main] INFO org.springframework.boot.devtools.restart.RestartApplicationListener -- Restart disabled due to context in which it is running

  .   ____          _            __ _ _
 /\\ / ___'_ __ _ _(_)_ __  __ _ \ \ \ \
( ( )\___ | '_ | '_| | '_ \/ _` | \ \ \ \
 \\/  ___)| |_)| | | | | || (_| |  ) ) ) )
  '  |____| .__|_| |_|_| |_\__, | / / / /
 =========|_|==============|___/=/_/_/_/
 :: Spring Boot ::                (v3.2.2)

2024-01-31T15:32:25.981+05:30  INFO 2040 --- [           main] c.s.SpringSoapWsAppApplicationTests      : Starting SpringSoapWsAppApplicationTests using Java 17.0.8.1 with PID 2040 (started by Jenisha in C:\Users\Jenisha\Documents\workspace-spring-tool-suite-4-4.20.0.RELEASE\Spring_soap_ws_App)
2024-01-31T15:32:25.984+05:30  INFO 2040 --- [           main] c.s.SpringSoapWsAppApplicationTests      : No active profile set, falling back to 1 default profile: "default"
2024-01-31T15:32:28.327+05:30  WARN 2040 --- [           main] trationDelegate$BeanPostProcessorChecker : Bean 'webServiceConfig' of type [com.soapwsapp.config.WebServiceConfig$$SpringCGLIB$$0] is not eligible for getting processed by all BeanPostProcessors (for example: not eligible for auto-proxying). Is this bean getting eagerly injected into a currently created BeanPostProcessor [annotationActionEndpointMapping]? Check the corresponding BeanPostProcessor declaration and its dependencies.
2024-01-31T15:32:28.330+05:30  WARN 2040 --- [           main] trationDelegate$BeanPostProcessorChecker : Bean 'org.springframework.ws.config.annotation.DelegatingWsConfiguration' of type [org.springframework.ws.config.annotation.DelegatingWsConfiguration$$SpringCGLIB$$0] is not eligible for getting processed by all BeanPostProcessors (for example: not eligible for auto-proxying). The currently created BeanPostProcessor [annotationActionEndpointMapping] is declared through a non-static factory method on that class; consider declaring it as static instead.
2024-01-31T15:32:28.425+05:30  INFO 2040 --- [           main] .w.s.a.s.AnnotationActionEndpointMapping : Supporting [WS-Addressing August 2004, WS-Addressing 1.0]
2024-01-31T15:32:29.611+05:30  INFO 2040 --- [           main] c.s.SpringSoapWsAppApplicationTests      : Started SpringSoapWsAppApplicationTests in 4.355 seconds (process running for 7.243)
]]></system-out>
  </testcase>
</testsuite>